<?xml version="1.0" encoding="UTF-8"?>
<!-- Generated by org.testng.reporters.JUnitReportReporter -->
<testsuite hostname="pikjians-MacBook-Air.local" failures="0" tests="2" name="testcase.TestMarkets" time="3.009" errors="0" timestamp="26 Jan 2022 16:57:56 GMT" skipped="0">
  <testcase classname="testcase.TestMarkets" name="testMessage" time="3.007"/>
  <testcase classname="testcase.TestMarkets" name="testConnection" time="0.002"/>
</testsuite> <!-- testcase.TestMarkets -->
